Build started 21/12/2015 17:46:01.
     1>Project "C:\Users\David\Documents\GitHub\SnowBros\SnowBros\SnowBros\SnowBros.vcxproj" on node 2 (Build target(s)).
     1>ClCompile:
         C:\Program Files (x86)\Microsoft Visual Studio 12.0\VC\bin\CL.exe /c /ZI /nologo /W3 /WX- /sdl /Od /Oy- /D WIN32 /D _DEBUG /D _WINDOWS /D _MBCS /Gm /EHsc /RTC1 /MDd /GS /fp:precise /Zc:wchar_t /Zc:forScope /Fo"Debug\\" /Fd"Debug\vc120.pdb" /Gd /TP /analyze- /errorReport:prompt ModuleAudio.cpp ModuleTextures.cpp
         ModuleTextures.cpp
         ModuleAudio.cpp
         Generating Code...
       Link:
         C:\Program Files (x86)\Microsoft Visual Studio 12.0\VC\bin\link.exe /ERRORREPORT:PROMPT /OUT:"C:\Users\David\Documents\GitHub\SnowBros\SnowBros\Debug\SnowBros.exe" /INCREMENTAL /NOLOGO kernel32.lib user32.lib gdi32.lib winspool.lib comdlg32.lib advapi32.lib shell32.lib ole32.lib oleaut32.lib uuid.lib odbc32.lib odbccp32.lib /MANIFEST /MANIFESTUAC:"level='asInvoker' uiAccess='false'" /manifest:embed /DEBUG /PDB:"C:\Users\David\Documents\GitHub\SnowBros\SnowBros\Debug\SnowBros.pdb" /SUBSYSTEM:WINDOWS /TLBID:1 /DYNAMICBASE /NXCOMPAT /IMPLIB:"C:\Users\David\Documents\GitHub\SnowBros\SnowBros\Debug\SnowBros.lib" /MACHINE:X86 Debug\Game.obj
         Debug\log.obj
         Debug\main.obj
         Debug\ModuleAudio.obj
         Debug\ModuleCollision.obj
         Debug\ModuleFadeToBlack.obj
         Debug\ModuleInput.obj
         Debug\ModuleParticles.obj
         Debug\ModulePlayer.obj
         Debug\ModuleRender.obj
         Debug\ModuleSceneIntro.obj
         Debug\ModuleSceneSpace.obj
         Debug\ModuleTextures.obj
         Debug\ModuleWindow.obj
         Debug\Timer.obj
     1>MSVCRTD.lib(cinitexe.obj) : warning LNK4098: defaultlib 'msvcrt.lib' conflicts with use of other libs; use /NODEFAULTLIB:library
         SnowBros.vcxproj -> C:\Users\David\Documents\GitHub\SnowBros\SnowBros\Debug\SnowBros.exe
     1>Done Building Project "C:\Users\David\Documents\GitHub\SnowBros\SnowBros\SnowBros\SnowBros.vcxproj" (Build target(s)).

Build succeeded.

Time Elapsed 00:00:00.85
